Request method:	GET
Request URI:	https://postman-echo.com/get
Proxy:			<none>
Request params:	<none>
Query params:	<none>
Form params:	<none>
Path params:	<none>
Headers:		Accept=*/*
Cookies:		<none>
Multiparts:		<none>
Body:			<none>
HTTP/1.1 200 OK
Date: Mon, 20 Dec 2021 11:48:08 GMT
Content-Type: application/json; charset=utf-8
Content-Length: 303
Connection: keep-alive
ETag: W/"12f-y3vsAbgSzbvtRFEDzA0hqgKMkDc"
Vary: Accept-Encoding
set-cookie: sails.sid=s%3ABHyPZ5B6ckBrgGCyISsRswQp9xQ74GYA.SA9iwCfu263e2BfhtCs87dx7yG9t%2FQtGrLynALaJT%2BI; Path=/; HttpOnly

{
    "args": {
        
    },
    "headers": {
        "x-forwarded-proto": "https",
        "x-forwarded-port": "443",
        "host": "postman-echo.com",
        "x-amzn-trace-id": "Root=1-61c06d78-04b2eb481024378810e8d70c",
        "accept": "*/*",
        "user-agent": "Apache-HttpClient/4.5.13 (Java/11.0.13)",
        "accept-encoding": "gzip,deflate"
    },
    "url": "https://postman-echo.com/get"
}
